2023-04-03 00:59:31.439115 - Initialized conversion of CBT532
2023-04-03 00:59:32.576720 - Received CBT.V504.FILE532.PDS from FILE532.XMI 
2023-04-03 00:59:32.580096 - Found $$$#DATE.txt (text/plain) in CBT.V504.FILE532.PDS, moved to PDS/$$$#DATE
2023-04-03 00:59:32.581518 - Found $$$NOTES.txt (text/plain) in CBT.V504.FILE532.PDS, moved to PDS/$$$NOTES
2023-04-03 00:59:32.583055 - Found $$CBTDOC.txt (text/plain) in CBT.V504.FILE532.PDS, moved to PDS/$$CBTDOC
2023-04-03 00:59:32.584462 - Found $$CCHELP.txt (text/plain) in CBT.V504.FILE532.PDS, moved to PDS/$$CCHELP
2023-04-03 00:59:32.585862 - Found $$CHDEFS.txt (text/plain) in CBT.V504.FILE532.PDS, moved to PDS/$$CHDEFS
2023-04-03 00:59:32.587201 - Found $$CHHELP.txt (text/plain) in CBT.V504.FILE532.PDS, moved to PDS/$$CHHELP
2023-04-03 00:59:32.588873 - Found $$JCARDS.jcl (text/plain) in CBT.V504.FILE532.PDS, moved to PDS/$$JCARDS
2023-04-03 00:59:32.590071 - Found $$JCNVRT.txt (text/plain) in CBT.V504.FILE532.PDS, moved to PDS/$$JCNVRT
2023-04-03 00:59:32.591262 - Found $$JSETUP.txt (text/plain) in CBT.V504.FILE532.PDS, moved to PDS/$$JSETUP
2023-04-03 00:59:32.592669 - Found $CC.txt (text/plain) in CBT.V504.FILE532.PDS, moved to PDS/$CC
2023-04-03 00:59:32.594457 - Found $CCA.txt (text/plain) in CBT.V504.FILE532.PDS, moved to PDS/$CCA
2023-04-03 00:59:32.595613 - Found $CCAL.txt (text/plain) in CBT.V504.FILE532.PDS, moved to PDS/$CCAL
2023-04-03 00:59:32.596667 - Found $CCB.txt (text/plain) in CBT.V504.FILE532.PDS, moved to PDS/$CCB
2023-04-03 00:59:32.597789 - Found $CCBL.txt (text/plain) in CBT.V504.FILE532.PDS, moved to PDS/$CCBL
2023-04-03 00:59:32.598916 - Found $CCC.txt (text/plain) in CBT.V504.FILE532.PDS, moved to PDS/$CCC
2023-04-03 00:59:32.599887 - Found $CCCL.txt (text/plain) in CBT.V504.FILE532.PDS, moved to PDS/$CCCL
2023-04-03 00:59:32.600840 - Found $CCP.txt (text/plain) in CBT.V504.FILE532.PDS, moved to PDS/$CCP
2023-04-03 00:59:32.601806 - Found $CCT.txt (text/plain) in CBT.V504.FILE532.PDS, moved to PDS/$CCT
2023-04-03 00:59:32.602758 - Found $CCXL.txt (text/plain) in CBT.V504.FILE532.PDS, moved to PDS/$CCXL
2023-04-03 00:59:32.603856 - Found $DD.txt (text/plain) in CBT.V504.FILE532.PDS, moved to PDS/$DD
2023-04-03 00:59:32.605114 - Found $DDA.txt (text/plain) in CBT.V504.FILE532.PDS, moved to PDS/$DDA
2023-04-03 00:59:32.606104 - Found $DDB.txt (text/plain) in CBT.V504.FILE532.PDS, moved to PDS/$DDB
2023-04-03 00:59:32.607129 - Found $DDC.txt (text/plain) in CBT.V504.FILE532.PDS, moved to PDS/$DDC
2023-04-03 00:59:32.608104 - Found $DDD.txt (text/plain) in CBT.V504.FILE532.PDS, moved to PDS/$DDD
2023-04-03 00:59:32.609114 - Found @FILE532.txt (text/plain) in CBT.V504.FILE532.PDS, moved to PDS/@FILE532
2023-04-03 00:59:32.610086 - Found AB.txt (text/plain) in CBT.V504.FILE532.PDS, moved to PDS/AB
2023-04-03 00:59:32.611061 - Found ACC.txt (text/plain) in CBT.V504.FILE532.PDS, moved to PDS/ACC
2023-04-03 00:59:32.612299 - Found ACCEXP.txt (text/plain) in CBT.V504.FILE532.PDS, moved to PDS/ACCEXP
2023-04-03 00:59:32.613450 - Found ACSDEST.txt (text/plain) in CBT.V504.FILE532.PDS, moved to PDS/ACSDEST
2023-04-03 00:59:32.614610 - Found AF.txt (text/plain) in CBT.V504.FILE532.PDS, moved to PDS/AF
2023-04-03 00:59:32.615825 - Found AJ.txt (text/plain) in CBT.V504.FILE532.PDS, moved to PDS/AJ
2023-04-03 00:59:32.616882 - Found AL.txt (text/plain) in CBT.V504.FILE532.PDS, moved to PDS/AL
2023-04-03 00:59:32.617944 - Found ALL.txt (text/plain) in CBT.V504.FILE532.PDS, moved to PDS/ALL
2023-04-03 00:59:32.619322 - Found AP.txt (text/plain) in CBT.V504.FILE532.PDS, moved to PDS/AP
2023-04-03 00:59:32.620242 - Found AW.txt (text/plain) in CBT.V504.FILE532.PDS, moved to PDS/AW
2023-04-03 00:59:32.621155 - Found BCOB2C.txt (text/plain) in CBT.V504.FILE532.PDS, moved to PDS/BCOB2C
2023-04-03 00:59:32.622231 - Found BCOB2CL.txt (text/plain) in CBT.V504.FILE532.PDS, moved to PDS/BCOB2CL
2023-04-03 00:59:32.623202 - Found BCOB2ROS.txt (text/plain) in CBT.V504.FILE532.PDS, moved to PDS/BCOB2ROS
2023-04-03 00:59:32.624341 - Found BDAY.txt (text/plain) in CBT.V504.FILE532.PDS, moved to PDS/BDAY
2023-04-03 00:59:32.625328 - Found BFILL16.txt (text/plain) in CBT.V504.FILE532.PDS, moved to PDS/BFILL16
2023-04-03 00:59:32.626258 - Found BLANKFIL.txt (text/plain) in CBT.V504.FILE532.PDS, moved to PDS/BLANKFIL
2023-04-03 00:59:32.627184 - Found BLKTAPE.txt (text/plain) in CBT.V504.FILE532.PDS, moved to PDS/BLKTAPE
2023-04-03 00:59:32.628499 - Found BLK3390.txt (text/plain) in CBT.V504.FILE532.PDS, moved to PDS/BLK3390
2023-04-03 00:59:32.629640 - Found BMI.txt (text/plain) in CBT.V504.FILE532.PDS, moved to PDS/BMI
2023-04-03 00:59:32.630585 - Found BMI1.txt (text/plain) in CBT.V504.FILE532.PDS, moved to PDS/BMI1
2023-04-03 00:59:32.631712 - Found CALS.txt (text/plain) in CBT.V504.FILE532.PDS, moved to PDS/CALS
2023-04-03 00:59:32.633067 - Found CBL2USER.txt (text/plain) in CBT.V504.FILE532.PDS, moved to PDS/CBL2USER
2023-04-03 00:59:32.634222 - Found CC.txt (text/plain) in CBT.V504.FILE532.PDS, moved to PDS/CC
2023-04-03 00:59:32.635182 - Found CCA.txt (text/plain) in CBT.V504.FILE532.PDS, moved to PDS/CCA
2023-04-03 00:59:32.636404 - Found CCACXJCL.txt (text/plain) in CBT.V504.FILE532.PDS, moved to PDS/CCACXJCL
2023-04-03 00:59:32.637508 - Found CCAL.txt (text/plain) in CBT.V504.FILE532.PDS, moved to PDS/CCAL
2023-04-03 00:59:32.638546 - Found CCALXPAN.txt (text/plain) in CBT.V504.FILE532.PDS, moved to PDS/CCALXPAN
2023-04-03 00:59:32.639553 - Found CCASXJCL.txt (text/plain) in CBT.V504.FILE532.PDS, moved to PDS/CCASXJCL
2023-04-03 00:59:32.640584 - Found CCAXXHLP.txt (text/plain) in CBT.V504.FILE532.PDS, moved to PDS/CCAXXHLP
2023-04-03 00:59:32.641490 - Found CCAXXPAN.txt (text/plain) in CBT.V504.FILE532.PDS, moved to PDS/CCAXXPAN
2023-04-03 00:59:32.642509 - Found CCB.txt (text/plain) in CBT.V504.FILE532.PDS, moved to PDS/CCB
2023-04-03 00:59:32.643579 - Found CCBDIJCL.txt (text/plain) in CBT.V504.FILE532.PDS, moved to PDS/CCBDIJCL
2023-04-03 00:59:32.644570 - Found CCBDXJCL.txt (text/plain) in CBT.V504.FILE532.PDS, moved to PDS/CCBDXJCL
2023-04-03 00:59:32.645561 - Found CCBL.txt (text/plain) in CBT.V504.FILE532.PDS, moved to PDS/CCBL
2023-04-03 00:59:32.646502 - Found CCBLXPAN.txt (text/plain) in CBT.V504.FILE532.PDS, moved to PDS/CCBLXPAN
2023-04-03 00:59:32.647548 - Found CCBXIJCL.txt (text/plain) in CBT.V504.FILE532.PDS, moved to PDS/CCBXIJCL
2023-04-03 00:59:32.648914 - Found CCBXXHLP.txt (text/plain) in CBT.V504.FILE532.PDS, moved to PDS/CCBXXHLP
2023-04-03 00:59:32.650046 - Found CCBXXJCL.txt (text/plain) in CBT.V504.FILE532.PDS, moved to PDS/CCBXXJCL
2023-04-03 00:59:32.651118 - Found CCBXXPAN.txt (text/plain) in CBT.V504.FILE532.PDS, moved to PDS/CCBXXPAN
2023-04-03 00:59:32.652132 - Found CCC.txt (text/plain) in CBT.V504.FILE532.PDS, moved to PDS/CCC
2023-04-03 00:59:32.653145 - Found CCCL.txt (text/plain) in CBT.V504.FILE532.PDS, moved to PDS/CCCL
2023-04-03 00:59:32.654180 - Found CCCLXPAN.txt (text/plain) in CBT.V504.FILE532.PDS, moved to PDS/CCCLXPAN
2023-04-03 00:59:32.655258 - Found CCCXIJCL.txt (text/plain) in CBT.V504.FILE532.PDS, moved to PDS/CCCXIJCL
2023-04-03 00:59:32.656273 - Found CCCXXHLP.txt (text/plain) in CBT.V504.FILE532.PDS, moved to PDS/CCCXXHLP
2023-04-03 00:59:32.657241 - Found CCCXXJCL.txt (text/plain) in CBT.V504.FILE532.PDS, moved to PDS/CCCXXJCL
2023-04-03 00:59:32.658191 - Found CCCXXPAN.txt (text/plain) in CBT.V504.FILE532.PDS, moved to PDS/CCCXXPAN
2023-04-03 00:59:32.659107 - Found CCDEFGET.txt (text/plain) in CBT.V504.FILE532.PDS, moved to PDS/CCDEFGET
2023-04-03 00:59:32.660071 - Found CCDEFHLP.txt (text/plain) in CBT.V504.FILE532.PDS, moved to PDS/CCDEFHLP
2023-04-03 00:59:32.661089 - Found CCDEFPAN.txt (text/plain) in CBT.V504.FILE532.PDS, moved to PDS/CCDEFPAN
2023-04-03 00:59:32.662121 - Found CCDEFSET.txt (text/plain) in CBT.V504.FILE532.PDS, moved to PDS/CCDEFSET
2023-04-03 00:59:32.663177 - Found CCHLPPAN.txt (text/plain) in CBT.V504.FILE532.PDS, moved to PDS/CCHLPPAN
2023-04-03 00:59:32.664276 - Found CCHLPSHO.txt (text/plain) in CBT.V504.FILE532.PDS, moved to PDS/CCHLPSHO
2023-04-03 00:59:32.665372 - Found CCJOBBLD.txt (text/plain) in CBT.V504.FILE532.PDS, moved to PDS/CCJOBBLD
2023-04-03 00:59:32.666401 - Found CCJOBJCL.jcl (text/plain) in CBT.V504.FILE532.PDS, moved to PDS/CCJOBJCL
2023-04-03 00:59:32.667525 - Found CCLIBMEM.txt (text/plain) in CBT.V504.FILE532.PDS, moved to PDS/CCLIBMEM
2023-04-03 00:59:32.668552 - Found CCMEMPAN.txt (text/plain) in CBT.V504.FILE532.PDS, moved to PDS/CCMEMPAN
2023-04-03 00:59:32.669599 - Found CCMEMSEL.txt (text/plain) in CBT.V504.FILE532.PDS, moved to PDS/CCMEMSEL
2023-04-03 00:59:32.670676 - Found CCPXXJCL.txt (text/plain) in CBT.V504.FILE532.PDS, moved to PDS/CCPXXJCL
2023-04-03 00:59:32.671813 - Found CCPXXPAN.txt (text/plain) in CBT.V504.FILE532.PDS, moved to PDS/CCPXXPAN
2023-04-03 00:59:32.673008 - Found CCROSPAN.txt (text/plain) in CBT.V504.FILE532.PDS, moved to PDS/CCROSPAN
2023-04-03 00:59:32.673987 - Found CCROSSEL.txt (text/plain) in CBT.V504.FILE532.PDS, moved to PDS/CCROSSEL
2023-04-03 00:59:32.675099 - Found CCSESSET.txt (text/plain) in CBT.V504.FILE532.PDS, moved to PDS/CCSESSET
2023-04-03 00:59:32.676267 - Found CCSETPAN.txt (text/plain) in CBT.V504.FILE532.PDS, moved to PDS/CCSETPAN
2023-04-03 00:59:32.677325 - Found CCTXXJCL.txt (text/plain) in CBT.V504.FILE532.PDS, moved to PDS/CCTXXJCL
2023-04-03 00:59:32.678426 - Found CCTXXPAN.txt (text/plain) in CBT.V504.FILE532.PDS, moved to PDS/CCTXXPAN
2023-04-03 00:59:32.679460 - Found CCURTPAN.txt (text/plain) in CBT.V504.FILE532.PDS, moved to PDS/CCURTPAN
2023-04-03 00:59:32.680491 - Found CCURTSEL.txt (text/plain) in CBT.V504.FILE532.PDS, moved to PDS/CCURTSEL
2023-04-03 00:59:32.681590 - Found CCXLXPAN.txt (text/plain) in CBT.V504.FILE532.PDS, moved to PDS/CCXLXPAN
2023-04-03 00:59:32.682678 - Found CCXXXHLP.txt (text/plain) in CBT.V504.FILE532.PDS, moved to PDS/CCXXXHLP
2023-04-03 00:59:32.683917 - Found CCXXXPAN.txt (text/plain) in CBT.V504.FILE532.PDS, moved to PDS/CCXXXPAN
2023-04-03 00:59:32.684971 - Found CICSCOB.txt (text/plain) in CBT.V504.FILE532.PDS, moved to PDS/CICSCOB
2023-04-03 00:59:32.685975 - Found CICSCOBL.txt (text/plain) in CBT.V504.FILE532.PDS, moved to PDS/CICSCOBL
2023-04-03 00:59:32.686950 - Found CICSCOMP.txt (text/plain) in CBT.V504.FILE532.PDS, moved to PDS/CICSCOMP
2023-04-03 00:59:32.688008 - Found CICSMAP.txt (text/plain) in CBT.V504.FILE532.PDS, moved to PDS/CICSMAP
2023-04-03 00:59:32.689159 - Found CLEANROS.txt (text/plain) in CBT.V504.FILE532.PDS, moved to PDS/CLEANROS
2023-04-03 00:59:32.690279 - Found CSHCSH.txt (text/plain) in CBT.V504.FILE532.PDS, moved to PDS/CSHCSH
2023-04-03 00:59:32.691246 - Found DATE.txt (text/plain) in CBT.V504.FILE532.PDS, moved to PDS/DATE
2023-04-03 00:59:32.692139 - Found DCOB2C.txt (text/plain) in CBT.V504.FILE532.PDS, moved to PDS/DCOB2C
2023-04-03 00:59:32.693138 - Found DCOB2CL.txt (text/plain) in CBT.V504.FILE532.PDS, moved to PDS/DCOB2CL
2023-04-03 00:59:32.694059 - Found DD.txt (text/plain) in CBT.V504.FILE532.PDS, moved to PDS/DD
2023-04-03 00:59:32.694981 - Found DDADIJCL.txt (text/plain) in CBT.V504.FILE532.PDS, moved to PDS/DDADIJCL
2023-04-03 00:59:32.695953 - Found DDADXJCL.txt (text/plain) in CBT.V504.FILE532.PDS, moved to PDS/DDADXJCL
2023-04-03 00:59:32.696907 - Found DDAXIJCL.txt (text/plain) in CBT.V504.FILE532.PDS, moved to PDS/DDAXIJCL
2023-04-03 00:59:32.697821 - Found DDAXXJCL.txt (text/plain) in CBT.V504.FILE532.PDS, moved to PDS/DDAXXJCL
2023-04-03 00:59:32.698779 - Found DDBXIJCL.txt (text/plain) in CBT.V504.FILE532.PDS, moved to PDS/DDBXIJCL
2023-04-03 00:59:32.699773 - Found DDBXXJCL.txt (text/plain) in CBT.V504.FILE532.PDS, moved to PDS/DDBXXJCL
2023-04-03 00:59:32.700778 - Found DDCDIJCL.txt (text/plain) in CBT.V504.FILE532.PDS, moved to PDS/DDCDIJCL
2023-04-03 00:59:32.701860 - Found DDCDXJCL.txt (text/plain) in CBT.V504.FILE532.PDS, moved to PDS/DDCDXJCL
2023-04-03 00:59:32.703068 - Found DDCXIJCL.txt (text/plain) in CBT.V504.FILE532.PDS, moved to PDS/DDCXIJCL
2023-04-03 00:59:32.704289 - Found DDCXXJCL.txt (text/plain) in CBT.V504.FILE532.PDS, moved to PDS/DDCXXJCL
2023-04-03 00:59:32.705331 - Found DDD.txt (text/plain) in CBT.V504.FILE532.PDS, moved to PDS/DDD
2023-04-03 00:59:32.706491 - Found DDDXIJCL.txt (text/plain) in CBT.V504.FILE532.PDS, moved to PDS/DDDXIJCL
2023-04-03 00:59:32.707534 - Found DDDXXJCL.txt (text/plain) in CBT.V504.FILE532.PDS, moved to PDS/DDDXXJCL
2023-04-03 00:59:32.708672 - Found DDXXXPAN.txt (text/plain) in CBT.V504.FILE532.PDS, moved to PDS/DDXXXPAN
2023-04-03 00:59:32.709701 - Found DECTOHEX.txt (text/plain) in CBT.V504.FILE532.PDS, moved to PDS/DECTOHEX
2023-04-03 00:59:32.710814 - Found DEDUP.txt (text/plain) in CBT.V504.FILE532.PDS, moved to PDS/DEDUP
2023-04-03 00:59:32.712039 - Found DELDUPS.txt (text/plain) in CBT.V504.FILE532.PDS, moved to PDS/DELDUPS
2023-04-03 00:59:32.713133 - Found DIR.txt (text/plain) in CBT.V504.FILE532.PDS, moved to PDS/DIR
2023-04-03 00:59:32.714298 - Found DJ.txt (text/plain) in CBT.V504.FILE532.PDS, moved to PDS/DJ
2023-04-03 00:59:32.715319 - Found DJN.txt (text/plain) in CBT.V504.FILE532.PDS, moved to PDS/DJN
2023-04-03 00:59:32.716373 - Found DL.txt (text/plain) in CBT.V504.FILE532.PDS, moved to PDS/DL
2023-04-03 00:59:32.717400 - Found DOCC.txt (text/plain) in CBT.V504.FILE532.PDS, moved to PDS/DOCC
2023-04-03 00:59:32.718434 - Found ECHO.txt (text/plain) in CBT.V504.FILE532.PDS, moved to PDS/ECHO
2023-04-03 00:59:32.719505 - Found EXGET.txt (text/plain) in CBT.V504.FILE532.PDS, moved to PDS/EXGET
2023-04-03 00:59:32.720782 - Found FINDPGM.txt (text/plain) in CBT.V504.FILE532.PDS, moved to PDS/FINDPGM
2023-04-03 00:59:32.721791 - Found FS.txt (text/plain) in CBT.V504.FILE532.PDS, moved to PDS/FS
2023-04-03 00:59:32.722924 - Found FS1.txt (text/plain) in CBT.V504.FILE532.PDS, moved to PDS/FS1
2023-04-03 00:59:32.723895 - Found GENDATA.txt (text/plain) in CBT.V504.FILE532.PDS, moved to PDS/GENDATA
2023-04-03 00:59:32.724828 - Found GETJCL.txt (text/plain) in CBT.V504.FILE532.PDS, moved to PDS/GETJCL
2023-04-03 00:59:32.725708 - Found GETLNG.txt (text/plain) in CBT.V504.FILE532.PDS, moved to PDS/GETLNG
2023-04-03 00:59:32.726730 - Found GETY2K.txt (text/plain) in CBT.V504.FILE532.PDS, moved to PDS/GETY2K
2023-04-03 00:59:32.727742 - Found HEXTODEC.txt (text/plain) in CBT.V504.FILE532.PDS, moved to PDS/HEXTODEC
2023-04-03 00:59:32.728730 - Found IMPEXAML.txt (text/plain) in CBT.V504.FILE532.PDS, moved to PDS/IMPEXAML
2023-04-03 00:59:32.729628 - Found IN.txt (text/plain) in CBT.V504.FILE532.PDS, moved to PDS/IN
2023-04-03 00:59:32.730546 - Found KEEPALL.txt (text/plain) in CBT.V504.FILE532.PDS, moved to PDS/KEEPALL
2023-04-03 00:59:32.731692 - Found LIBLOOK.txt (text/plain) in CBT.V504.FILE532.PDS, moved to PDS/LIBLOOK
2023-04-03 00:59:32.732671 - Found LOUP.txt (text/plain) in CBT.V504.FILE532.PDS, moved to PDS/LOUP
2023-04-03 00:59:32.733594 - Found LS.txt (text/plain) in CBT.V504.FILE532.PDS, moved to PDS/LS
2023-04-03 00:59:32.734501 - Found MHR.txt (text/plain) in CBT.V504.FILE532.PDS, moved to PDS/MHR
2023-04-03 00:59:32.735452 - Found MHR1.txt (text/plain) in CBT.V504.FILE532.PDS, moved to PDS/MHR1
2023-04-03 00:59:32.736389 - Found MIXCASE.txt (text/plain) in CBT.V504.FILE532.PDS, moved to PDS/MIXCASE
2023-04-03 00:59:32.737428 - Found MSG.txt (text/plain) in CBT.V504.FILE532.PDS, moved to PDS/MSG
2023-04-03 00:59:32.738470 - Found MYDSN.txt (text/plain) in CBT.V504.FILE532.PDS, moved to PDS/MYDSN
2023-04-03 00:59:32.739669 - Found NAMEIT.txt (text/plain) in CBT.V504.FILE532.PDS, moved to PDS/NAMEIT
2023-04-03 00:59:32.740706 - Found NF.txt (text/plain) in CBT.V504.FILE532.PDS, moved to PDS/NF
2023-04-03 00:59:32.741718 - Found NOROSCOM.txt (text/plain) in CBT.V504.FILE532.PDS, moved to PDS/NOROSCOM
2023-04-03 00:59:32.742803 - Found NOSEQALL.txt (text/plain) in CBT.V504.FILE532.PDS, moved to PDS/NOSEQALL
2023-04-03 00:59:32.743806 - Found N1R6.txt (text/plain) in CBT.V504.FILE532.PDS, moved to PDS/N1R6
2023-04-03 00:59:32.744959 - Found PACKZZZ.txt (text/plain) in CBT.V504.FILE532.PDS, moved to PDS/PACKZZZ
2023-04-03 00:59:32.746072 - Found PAF.txt (text/plain) in CBT.V504.FILE532.PDS, moved to PDS/PAF
2023-04-03 00:59:32.747188 - Found PAFL.txt (text/plain) in CBT.V504.FILE532.PDS, moved to PDS/PAFL
2023-04-03 00:59:32.748152 - Found PARA.txt (text/plain) in CBT.V504.FILE532.PDS, moved to PDS/PARA
2023-04-03 00:59:32.749256 - Found PF.txt (text/plain) in CBT.V504.FILE532.PDS, moved to PDS/PF
2023-04-03 00:59:32.750336 - Found PFIX.txt (text/plain) in CBT.V504.FILE532.PDS, moved to PDS/PFIX
2023-04-03 00:59:32.751673 - Found PH.txt (text/plain) in CBT.V504.FILE532.PDS, moved to PDS/PH
2023-04-03 00:59:32.752903 - Found PJCL.txt (text/plain) in CBT.V504.FILE532.PDS, moved to PDS/PJCL
2023-04-03 00:59:32.754247 - Found PRINT.jcl (text/plain) in CBT.V504.FILE532.PDS, moved to PDS/PRINT
2023-04-03 00:59:32.755375 - Found PRINTIT.txt (text/plain) in CBT.V504.FILE532.PDS, moved to PDS/PRINTIT
2023-04-03 00:59:32.756634 - Found PROCLOOK.txt (text/plain) in CBT.V504.FILE532.PDS, moved to PDS/PROCLOOK
2023-04-03 00:59:32.757838 - Found PROSMEM.txt (text/plain) in CBT.V504.FILE532.PDS, moved to PDS/PROSMEM
2023-04-03 00:59:32.758927 - Found PUTJCL.txt (text/plain) in CBT.V504.FILE532.PDS, moved to PDS/PUTJCL
2023-04-03 00:59:32.760042 - Found QP.txt (text/plain) in CBT.V504.FILE532.PDS, moved to PDS/QP
2023-04-03 00:59:32.761135 - Found RESET.txt (text/plain) in CBT.V504.FILE532.PDS, moved to PDS/RESET
2023-04-03 00:59:32.762226 - Found ROSREST.txt (text/plain) in CBT.V504.FILE532.PDS, moved to PDS/ROSREST
2023-04-03 00:59:32.763178 - Found SCANACC.txt (text/plain) in CBT.V504.FILE532.PDS, moved to PDS/SCANACC
2023-04-03 00:59:32.764282 - Found SCANLIB.txt (text/plain) in CBT.V504.FILE532.PDS, moved to PDS/SCANLIB
2023-04-03 00:59:32.765267 - Found SCANLMEM.txt (text/plain) in CBT.V504.FILE532.PDS, moved to PDS/SCANLMEM
2023-04-03 00:59:32.766176 - Found SCANMEM.txt (text/plain) in CBT.V504.FILE532.PDS, moved to PDS/SCANMEM
2023-04-03 00:59:32.767099 - Found SCANPFIX.txt (text/plain) in CBT.V504.FILE532.PDS, moved to PDS/SCANPFIX
2023-04-03 00:59:32.768003 - Found SCANRMEM.txt (text/plain) in CBT.V504.FILE532.PDS, moved to PDS/SCANRMEM
2023-04-03 00:59:32.768947 - Found SCANROS.txt (text/plain) in CBT.V504.FILE532.PDS, moved to PDS/SCANROS
2023-04-03 00:59:32.769850 - Found SD.txt (text/plain) in CBT.V504.FILE532.PDS, moved to PDS/SD
2023-04-03 00:59:32.770841 - Found SDJ.txt (text/plain) in CBT.V504.FILE532.PDS, moved to PDS/SDJ
2023-04-03 00:59:32.772002 - Found SHAREACC.txt (text/plain) in CBT.V504.FILE532.PDS, moved to PDS/SHAREACC
2023-04-03 00:59:32.773089 - Found SHAREALL.txt (text/plain) in CBT.V504.FILE532.PDS, moved to PDS/SHAREALL
2023-04-03 00:59:32.773983 - Found SIGNON.txt (text/plain) in CBT.V504.FILE532.PDS, moved to PDS/SIGNON
2023-04-03 00:59:32.774944 - Found SJ.txt (text/plain) in CBT.V504.FILE532.PDS, moved to PDS/SJ
2023-04-03 00:59:32.776008 - Found TEMP80.txt (text/plain) in CBT.V504.FILE532.PDS, moved to PDS/TEMP80
2023-04-03 00:59:32.777093 - Found TSOCHK.txt (text/plain) in CBT.V504.FILE532.PDS, moved to PDS/TSOCHK
2023-04-03 00:59:32.778205 - Found TSODATE.txt (text/plain) in CBT.V504.FILE532.PDS, moved to PDS/TSODATE
2023-04-03 00:59:32.779128 - Found TSOSAVE.jcl (text/plain) in CBT.V504.FILE532.PDS, moved to PDS/TSOSAVE
2023-04-03 00:59:32.780180 - Found UNPKZZZ.txt (text/plain) in CBT.V504.FILE532.PDS, moved to PDS/UNPKZZZ
2023-04-03 00:59:32.781185 - Found UPLO.txt (text/plain) in CBT.V504.FILE532.PDS, moved to PDS/UPLO
2023-04-03 00:59:32.782054 - Found UPPERCAS.txt (text/plain) in CBT.V504.FILE532.PDS, moved to PDS/UPPERCAS
2023-04-03 00:59:32.783050 - Found URTLOOK.txt (text/plain) in CBT.V504.FILE532.PDS, moved to PDS/URTLOOK
2023-04-03 00:59:32.784236 - Found VALIDPFX.txt (text/plain) in CBT.V504.FILE532.PDS, moved to PDS/VALIDPFX
2023-04-03 00:59:32.785190 - Found X.txt (text/plain) in CBT.V504.FILE532.PDS, moved to PDS/X
2023-04-03 00:59:32.786174 - Found XREF.txt (text/plain) in CBT.V504.FILE532.PDS, moved to PDS/XREF
2023-04-03 00:59:32.787116 - Found XREFFPF.txt (text/plain) in CBT.V504.FILE532.PDS, moved to PDS/XREFFPF
2023-04-03 00:59:32.788161 - Found Y2KCODE.txt (text/plain) in CBT.V504.FILE532.PDS, moved to PDS/Y2KCODE
2023-04-03 00:59:32.789336 - Found Y2KFLDS.txt (text/plain) in CBT.V504.FILE532.PDS, moved to PDS/Y2KFLDS
